meta collision_scheme 1
meta temperature_Celsius 25
meta viscosity_centiPoise 1
meta effective_damping_radius 8e-009
meta dna_modulus_gigaPascal 2
meta dna_radius_nanometers 0.6
meta damping_radius_factor 0.8
structure {
  random_force 2.78554e-011
  mass_damping 4.44973e+009
  mass_radius 4.5e-009
  time_step 2e-009
  collision_spring_constant 0.0565487
  spring_damping_factor 0
  random_number_seed 1 
  color 1
  mass 0	3.38889e-010	2.7e-007 6.15e-007 0 3
  mass 1	3.38889e-020	2.8e-007 6.14919e-007 0 1
  spring 0 1 1e-008 0.226195
  mass 2	3.38889e-020	2.89996e-007 6.14675e-007 0 1
  spring 1 2 1e-008 0.226195
  hinge 0 1 2 4.0715e-012
  mass 3	3.38889e-020	2.99988e-007 6.14268e-007 0 1
  spring 2 3 1e-008 0.226195
  hinge 1 2 3 4.0715e-012
  mass 4	3.38889e-020	3.09972e-007 6.137e-007 0 1
  spring 3 4 1e-008 0.226195
  hinge 2 3 4 4.0715e-012
  mass 5	3.38889e-020	3.19945e-007 6.12969e-007 0 1
  spring 4 5 1e-008 0.226195
  hinge 3 4 5 4.0715e-012
  mass 6	3.38889e-020	3.29905e-007 6.12075e-007 0 1
  spring 5 6 1e-008 0.226195
  hinge 4 5 6 4.0715e-012
  mass 7	3.38889e-020	3.39849e-007 6.11021e-007 0 1
  spring 6 7 1e-008 0.226195
  hinge 5 6 7 4.0715e-012
  mass 8	3.38889e-020	3.49775e-007 6.09804e-007 0 1
  spring 7 8 1e-008 0.226195
  hinge 6 7 8 4.0715e-012
  mass 9	3.38889e-020	3.59679e-007 6.08426e-007 0 1
  spring 8 9 1e-008 0.226195
  hinge 7 8 9 4.0715e-012
  mass 10	3.38889e-020	3.6956e-007 6.06888e-007 0 1
  spring 9 10 1e-008 0.226195
  hinge 8 9 10 4.0715e-012
  mass 11	3.38889e-020	3.79414e-007 6.05189e-007 0 1
  spring 10 11 1e-008 0.226195
  hinge 9 10 11 4.0715e-012
  mass 12	3.38889e-020	3.8924e-007 6.0333e-007 0 1
  spring 11 12 1e-008 0.226195
  hinge 10 11 12 4.0715e-012
  mass 13	3.38889e-020	3.99034e-007 6.01311e-007 0 1
  spring 12 13 1e-008 0.226195
  hinge 11 12 13 4.0715e-012
  mass 14	3.38889e-020	4.08794e-007 5.99134e-007 0 1
  spring 13 14 1e-008 0.226195
  hinge 12 13 14 4.0715e-012
  mass 15	3.38889e-020	4.18517e-007 5.96798e-007 0 1
  spring 14 15 1e-008 0.226195
  hinge 13 14 15 4.0715e-012
  mass 16	3.38889e-020	4.28201e-007 5.94304e-007 0 1
  spring 15 16 1e-008 0.226195
  hinge 14 15 16 4.0715e-012
  mass 17	3.38889e-020	4.37843e-007 5.91653e-007 0 1
  spring 16 17 1e-008 0.226195
  hinge 15 16 17 4.0715e-012
  mass 18	3.38889e-020	4.47441e-007 5.88846e-007 0 1
  spring 17 18 1e-008 0.226195
  hinge 16 17 18 4.0715e-012
  mass 19	3.38889e-020	4.56992e-007 5.85883e-007 0 1
  spring 18 19 1e-008 0.226195
  hinge 17 18 19 4.0715e-012
  mass 20	3.38889e-020	4.66493e-007 5.82765e-007 0 1
  spring 19 20 1e-008 0.226195
  hinge 18 19 20 4.0715e-012
  mass 21	3.38889e-020	4.75943e-007 5.79493e-007 0 1
  spring 20 21 1e-008 0.226195
  hinge 19 20 21 4.0715e-012
  mass 22	3.38889e-020	4.85338e-007 5.76068e-007 0 1
  spring 21 22 1e-008 0.226195
  hinge 20 21 22 4.0715e-012
  mass 23	3.38889e-020	4.94676e-007 5.72491e-007 0 1
  spring 22 23 1e-008 0.226195
  hinge 21 22 23 4.0715e-012
  mass 24	3.38889e-020	5.03955e-007 5.68762e-007 0 1
  spring 23 24 1e-008 0.226195
  hinge 22 23 24 4.0715e-012
  mass 25	3.38889e-020	5.13171e-007 5.64883e-007 0 1
  spring 24 25 1e-008 0.226195
  hinge 23 24 25 4.0715e-012
  mass 26	3.38889e-020	5.22324e-007 5.60854e-007 0 1
  spring 25 26 1e-008 0.226195
  hinge 24 25 26 4.0715e-012
  mass 27	3.38889e-020	5.3141e-007 5.56678e-007 0 1
  spring 26 27 1e-008 0.226195
  hinge 25 26 27 4.0715e-012
  mass 28	3.38889e-020	5.40427e-007 5.52354e-007 0 1
  spring 27 28 1e-008 0.226195
  hinge 26 27 28 4.0715e-012
  mass 29	3.38889e-020	5.49372e-007 5.47884e-007 0 1
  spring 28 29 1e-008 0.226195
  hinge 27 28 29 4.0715e-012
  mass 30	3.38889e-020	5.58243e-007 5.43269e-007 0 1
  spring 29 30 1e-008 0.226195
  hinge 28 29 30 4.0715e-012
  mass 31	3.38889e-020	5.67038e-007 5.3851e-007 0 1
  spring 30 31 1e-008 0.226195
  hinge 29 30 31 4.0715e-012
  mass 32	3.38889e-020	5.75755e-007 5.33609e-007 0 1
  spring 31 32 1e-008 0.226195
  hinge 30 31 32 4.0715e-012
  mass 33	3.38889e-020	5.84391e-007 5.28567e-007 0 1
  spring 32 33 1e-008 0.226195
  hinge 31 32 33 4.0715e-012
  mass 34	3.38889e-020	5.92943e-007 5.23386e-007 0 4
  spring 33 34 1e-008 0.226195
  hinge 32 33 34 4.0715e-012
  mass 35	3.38889e-020	6.01411e-007 5.18066e-007 0 4
  spring 34 35 1e-008 0.226195
  hinge 33 34 35 4.0715e-012
  mass 36	3.38889e-020	6.0979e-007 5.12609e-007 0 4
  spring 35 36 1e-008 0.226195
  hinge 34 35 36 4.0715e-012
  mass 37	3.38889e-020	6.1808e-007 5.07016e-007 0 4
  spring 36 37 1e-008 0.226195
  hinge 35 36 37 4.0715e-012
  mass 38	3.38889e-020	6.26278e-007 5.01289e-007 0 4
  spring 37 38 1e-008 0.226195
  hinge 36 37 38 4.0715e-012
  mass 39	3.38889e-020	6.34381e-007 4.9543e-007 0 4
  spring 38 39 1e-008 0.226195
  hinge 37 38 39 4.0715e-012
  mass 40	3.38889e-020	6.42389e-007 4.8944e-007 0 4
  spring 39 40 1e-008 0.226195
  hinge 38 39 40 4.0715e-012
  mass 41	3.38889e-020	6.50297e-007 4.83321e-007 0 4
  spring 40 41 1e-008 0.226195
  hinge 39 40 41 4.0715e-012
  mass 42	3.38889e-020	6.58106e-007 4.77073e-007 0 4
  spring 41 42 1e-008 0.226195
  hinge 40 41 42 4.0715e-012
  mass 43	3.38889e-020	6.65811e-007 4.707e-007 0 4
  spring 42 43 1e-008 0.226195
  hinge 41 42 43 4.0715e-012
  mass 44	3.38889e-020	6.73412e-007 4.64202e-007 0 4
  spring 43 44 1e-008 0.226195
  hinge 42 43 44 4.0715e-012
  mass 45	3.38889e-020	6.80907e-007 4.57581e-007 0 4
  spring 44 45 1e-008 0.226195
  hinge 43 44 45 4.0715e-012
  mass 46	3.38889e-020	6.88292e-007 4.5084e-007 0 4
  spring 45 46 1e-008 0.226195
  hinge 44 45 46 4.0715e-012
  mass 47	3.38889e-020	6.95567e-007 4.43979e-007 0 4
  spring 46 47 1e-008 0.226195
  hinge 45 46 47 4.0715e-012
  mass 48	3.38889e-020	7.0273e-007 4.37001e-007 0 4
  spring 47 48 1e-008 0.226195
  hinge 46 47 48 4.0715e-012
  mass 49	3.38889e-020	7.09778e-007 4.29907e-007 0 4
  spring 48 49 1e-008 0.226195
  hinge 47 48 49 4.0715e-012
  mass 50	3.38889e-020	7.1671e-007 4.227e-007 0 4
  spring 49 50 1e-008 0.226195
  hinge 48 49 50 4.0715e-012
  mass 51	3.38889e-020	7.23524e-007 4.15381e-007 0 4
  spring 50 51 1e-008 0.226195
  hinge 49 50 51 4.0715e-012
  mass 52	3.38889e-020	7.30218e-007 4.07952e-007 0 4
  spring 51 52 1e-008 0.226195
  hinge 50 51 52 4.0715e-012
  mass 53	3.38889e-020	7.3679e-007 4.00415e-007 0 4
  spring 52 53 1e-008 0.226195
  hinge 51 52 53 4.0715e-012
  mass 54	3.38889e-020	7.43239e-007 3.92772e-007 0 4
  spring 53 54 1e-008 0.226195
  hinge 52 53 54 4.0715e-012
  mass 55	3.38889e-020	7.49563e-007 3.85026e-007 0 4
  spring 54 55 1e-008 0.226195
  hinge 53 54 55 4.0715e-012
  mass 56	3.38889e-020	7.5576e-007 3.77177e-007 0 4
  spring 55 56 1e-008 0.226195
  hinge 54 55 56 4.0715e-012
  mass 57	3.38889e-020	7.61828e-007 3.69229e-007 0 4
  spring 56 57 1e-008 0.226195
  hinge 55 56 57 4.0715e-012
  mass 58	3.38889e-020	7.67766e-007 3.61184e-007 0 4
  spring 57 58 1e-008 0.226195
  hinge 56 57 58 4.0715e-012
  mass 59	3.38889e-020	7.73573e-007 3.53042e-007 0 4
  spring 58 59 1e-008 0.226195
  hinge 57 58 59 4.0715e-012
  mass 60	3.38889e-020	7.79247e-007 3.44808e-007 0 4
  spring 59 60 1e-008 0.226195
  hinge 58 59 60 4.0715e-012
  mass 61	3.38889e-020	7.84786e-007 3.36482e-007 0 4
  spring 60 61 1e-008 0.226195
  hinge 59 60 61 4.0715e-012
  mass 62	3.38889e-020	7.90189e-007 3.28068e-007 0 4
  spring 61 62 1e-008 0.226195
  hinge 60 61 62 4.0715e-012
  mass 63	3.38889e-020	7.95454e-007 3.19566e-007 0 4
  spring 62 63 1e-008 0.226195
  hinge 61 62 63 4.0715e-012
  mass 64	3.38889e-020	8.00581e-007 3.1098e-007 0 4
  spring 63 64 1e-008 0.226195
  hinge 62 63 64 4.0715e-012
  mass 65	3.38889e-020	8.05567e-007 3.02312e-007 0 4
  spring 64 65 1e-008 0.226195
  hinge 63 64 65 4.0715e-012
  mass 66	3.38889e-020	8.10412e-007 2.93564e-007 0 4
  spring 65 66 1e-008 0.226195
  hinge 64 65 66 4.0715e-012
  mass 67	3.38889e-020	8.15114e-007 2.84739e-007 0 4
  spring 66 67 1e-008 0.226195
  hinge 65 66 67 4.0715e-012
  mass 68	3.38889e-020	8.19671e-007 2.75838e-007 0 4
  spring 67 68 1e-008 0.226195
  hinge 66 67 68 4.0715e-012
  mass 69	3.38889e-020	8.24084e-007 2.66864e-007 0 4
  spring 68 69 1e-008 0.226195
  hinge 67 68 69 4.0715e-012
  mass 70	3.38889e-020	8.28349e-007 2.5782e-007 0 4
  spring 69 70 1e-008 0.226195
  hinge 68 69 70 4.0715e-012
  mass 71	3.38889e-020	8.32468e-007 2.48707e-007 0 4
  spring 70 71 1e-008 0.226195
  hinge 69 70 71 4.0715e-012
  mass 72	3.38889e-020	8.36437e-007 2.39529e-007 0 4
  spring 71 72 1e-008 0.226195
  hinge 70 71 72 4.0715e-012
  mass 73	3.38889e-020	8.40257e-007 2.30287e-007 0 4
  spring 72 73 1e-008 0.226195
  hinge 71 72 73 4.0715e-012
  mass 74	3.38889e-020	8.43926e-007 2.20985e-007 0 4
  spring 73 74 1e-008 0.226195
  hinge 72 73 74 4.0715e-012
  mass 75	3.38889e-020	8.47443e-007 2.11624e-007 0 4
  spring 74 75 1e-008 0.226195
  hinge 73 74 75 4.0715e-012
  mass 76	3.38889e-020	8.50807e-007 2.02207e-007 0 4
  spring 75 76 1e-008 0.226195
  hinge 74 75 76 4.0715e-012
  mass 77	3.38889e-020	8.54018e-007 1.92737e-007 0 4
  spring 76 77 1e-008 0.226195
  hinge 75 76 77 4.0715e-012
  mass 78	3.38889e-020	8.57075e-007 1.83215e-007 0 4
  spring 77 78 1e-008 0.226195
  hinge 76 77 78 4.0715e-012
  mass 79	3.38889e-020	8.59976e-007 1.73646e-007 0 4
  spring 78 79 1e-008 0.226195
  hinge 77 78 79 4.0715e-012
  mass 80	3.38889e-020	8.62722e-007 1.6403e-007 0 4
  spring 79 80 1e-008 0.226195
  hinge 78 79 80 4.0715e-012
  mass 81	3.38889e-020	8.65311e-007 1.54371e-007 0 4
  spring 80 81 1e-008 0.226195
  hinge 79 80 81 4.0715e-012
  mass 82	3.38889e-020	8.67742e-007 1.44671e-007 0 4
  spring 81 82 1e-008 0.226195
  hinge 80 81 82 4.0715e-012
  mass 83	3.38889e-020	8.70015e-007 1.34933e-007 0 4
  spring 82 83 1e-008 0.226195
  hinge 81 82 83 4.0715e-012
  mass 84	3.38889e-020	8.7213e-007 1.25159e-007 0 4
  spring 83 84 1e-008 0.226195
  hinge 82 83 84 4.0715e-012
  mass 85	3.38889e-020	8.74085e-007 1.15352e-007 0 4
  spring 84 85 1e-008 0.226195
  hinge 83 84 85 4.0715e-012
  mass 86	3.38889e-020	8.75881e-007 1.05515e-007 0 4
  spring 85 86 1e-008 0.226195
  hinge 84 85 86 4.0715e-012
  mass 87	3.38889e-020	8.77516e-007 9.56499e-008 0 4
  spring 86 87 1e-008 0.226195
  hinge 85 86 87 4.0715e-012
  mass 88	3.38889e-020	8.78991e-007 8.57593e-008 0 4
  spring 87 88 1e-008 0.226195
  hinge 86 87 88 4.0715e-012
  mass 89	3.38889e-020	8.80305e-007 7.58461e-008 0 4
  spring 88 89 1e-008 0.226195
  hinge 87 88 89 4.0715e-012
  mass 90	3.38889e-020	8.81458e-007 6.59129e-008 0 4
  spring 89 90 1e-008 0.226195
  hinge 88 89 90 4.0715e-012
  mass 91	3.38889e-020	8.82449e-007 5.59622e-008 0 4
  spring 90 91 1e-008 0.226195
  hinge 89 90 91 4.0715e-012
  mass 92	3.38889e-020	8.83278e-007 4.59968e-008 0 4
  spring 91 92 1e-008 0.226195
  hinge 90 91 92 4.0715e-012
  mass 93	3.38889e-020	8.83944e-007 3.60191e-008 0 4
  spring 92 93 1e-008 0.226195
  hinge 91 92 93 4.0715e-012
  mass 94	3.38889e-020	8.84449e-007 2.6032e-008 0 4
  spring 93 94 1e-008 0.226195
  hinge 92 93 94 4.0715e-012
  mass 95	3.38889e-020	8.84791e-007 1.60379e-008 0 4
  spring 94 95 1e-008 0.226195
  hinge 93 94 95 4.0715e-012
  mass 96	3.38889e-020	8.8497e-007 6.03964e-009 0 4
  spring 95 96 1e-008 0.226195
  hinge 94 95 96 4.0715e-012
  mass 97	3.38889e-020	8.84987e-007 -3.96023e-009 0 4
  spring 96 97 1e-008 0.226195
  hinge 95 96 97 4.0715e-012
  mass 98	3.38889e-020	8.84842e-007 -1.39591e-008 0 4
  spring 97 98 1e-008 0.226195
  hinge 96 97 98 4.0715e-012
  mass 99	3.38889e-020	8.84533e-007 -2.39542e-008 0 4
  spring 98 99 1e-008 0.226195
  hinge 97 98 99 4.0715e-012
  mass 100	3.38889e-020	8.84063e-007 -3.3943e-008 0 4
  spring 99 100 1e-008 0.226195
  hinge 98 99 100 4.0715e-012
  mass 101	3.38889e-020	8.8343e-007 -4.39228e-008 0 4
  spring 100 101 1e-008 0.226195
  hinge 99 100 101 4.0715e-012
  mass 102	3.38889e-020	8.82634e-007 -5.38911e-008 0 4
  spring 101 102 1e-008 0.226195
  hinge 100 101 102 4.0715e-012
  mass 103	3.38889e-020	8.81677e-007 -6.3845e-008 0 4
  spring 102 103 1e-008 0.226195
  hinge 101 102 103 4.0715e-012
  mass 104	3.38889e-020	8.80558e-007 -7.37821e-008 0 4
  spring 103 104 1e-008 0.226195
  hinge 102 103 104 4.0715e-012
  mass 105	3.38889e-020	8.79278e-007 -8.36997e-008 0 4
  spring 104 105 1e-008 0.226195
  hinge 103 104 105 4.0715e-012
  mass 106	3.38889e-020	8.77836e-007 -9.35951e-008 0 4
  spring 105 106 1e-008 0.226195
  hinge 104 105 106 4.0715e-012
  mass 107	3.38889e-020	8.76234e-007 -1.03466e-007 0 4
  spring 106 107 1e-008 0.226195
  hinge 105 106 107 4.0715e-012
  mass 108	3.38889e-020	8.74472e-007 -1.13309e-007 0 4
  spring 107 108 1e-008 0.226195
  hinge 106 107 108 4.0715e-012
  mass 109	3.38889e-020	8.72549e-007 -1.23123e-007 0 4
  spring 108 109 1e-008 0.226195
  hinge 107 108 109 4.0715e-012
  mass 110	3.38889e-020	8.70468e-007 -1.32903e-007 0 4
  spring 109 110 1e-008 0.226195
  hinge 108 109 110 4.0715e-012
  mass 111	3.38889e-020	8.68228e-007 -1.42649e-007 0 4
  spring 110 111 1e-008 0.226195
  hinge 109 110 111 4.0715e-012
  mass 112	3.38889e-020	8.65829e-007 -1.52357e-007 0 4
  spring 111 112 1e-008 0.226195
  hinge 110 111 112 4.0715e-012
  mass 113	3.38889e-020	8.63273e-007 -1.62025e-007 0 4
  spring 112 113 1e-008 0.226195
  hinge 111 112 113 4.0715e-012
  mass 114	3.38889e-020	8.6056e-007 -1.7165e-007 0 4
  spring 113 114 1e-008 0.226195
  hinge 112 113 114 4.0715e-012
  mass 115	3.38889e-020	8.57691e-007 -1.81229e-007 0 4
  spring 114 115 1e-008 0.226195
  hinge 113 114 115 4.0715e-012
  mass 116	3.38889e-020	8.54667e-007 -1.90761e-007 0 4
  spring 115 116 1e-008 0.226195
  hinge 114 115 116 4.0715e-012
  mass 117	3.38889e-020	8.51488e-007 -2.00242e-007 0 4
  spring 116 117 1e-008 0.226195
  hinge 115 116 117 4.0715e-012
  mass 118	3.38889e-020	8.48155e-007 -2.0967e-007 0 4
  spring 117 118 1e-008 0.226195
  hinge 116 117 118 4.0715e-012
  mass 119	3.38889e-020	8.4467e-007 -2.19043e-007 0 4
  spring 118 119 1e-008 0.226195
  hinge 117 118 119 4.0715e-012
  mass 120	3.38889e-020	8.41032e-007 -2.28358e-007 0 4
  spring 119 120 1e-008 0.226195
  hinge 118 119 120 4.0715e-012
  mass 121	3.38889e-020	8.37244e-007 -2.37612e-007 0 4
  spring 120 121 1e-008 0.226195
  hinge 119 120 121 4.0715e-012
  mass 122	3.38889e-020	8.33305e-007 -2.46804e-007 0 4
  spring 121 122 1e-008 0.226195
  hinge 120 121 122 4.0715e-012
  mass 123	3.38889e-020	8.29218e-007 -2.5593e-007 0 4
  spring 122 123 1e-008 0.226195
  hinge 121 122 123 4.0715e-012
  mass 124	3.38889e-020	8.24983e-007 -2.64989e-007 0 4
  spring 123 124 1e-008 0.226195
  hinge 122 123 124 4.0715e-012
  mass 125	3.38889e-020	8.20601e-007 -2.73978e-007 0 4
  spring 124 125 1e-008 0.226195
  hinge 123 124 125 4.0715e-012
  mass 126	3.38889e-020	8.16073e-007 -2.82894e-007 0 4
  spring 125 126 1e-008 0.226195
  hinge 124 125 126 4.0715e-012
  mass 127	3.38889e-020	8.11401e-007 -2.91735e-007 0 4
  spring 126 127 1e-008 0.226195
  hinge 125 126 127 4.0715e-012
  mass 128	3.38889e-020	8.06586e-007 -3.005e-007 0 4
  spring 127 128 1e-008 0.226195
  hinge 126 127 128 4.0715e-012
  mass 129	3.38889e-020	8.01629e-007 -3.09185e-007 0 4
  spring 128 129 1e-008 0.226195
  hinge 127 128 129 4.0715e-012
  mass 130	3.38889e-020	7.96532e-007 -3.17788e-007 0 4
  spring 129 130 1e-008 0.226195
  hinge 128 129 130 4.0715e-012
  mass 131	3.38889e-020	7.91295e-007 -3.26307e-007 0 4
  spring 130 131 1e-008 0.226195
  hinge 129 130 131 4.0715e-012
  mass 132	3.38889e-020	7.85921e-007 -3.3474e-007 0 4
  spring 131 132 1e-008 0.226195
  hinge 130 131 132 4.0715e-012
  mass 133	3.38889e-020	7.8041e-007 -3.43084e-007 0 4
  spring 132 133 1e-008 0.226195
  hinge 131 132 133 4.0715e-012
  mass 134	3.38889e-020	7.74764e-007 -3.51338e-007 0 4
  spring 133 134 1e-008 0.226195
  hinge 132 133 134 4.0715e-012
  mass 135	3.38889e-020	7.68985e-007 -3.59498e-007 0 4
  spring 134 135 1e-008 0.226195
  hinge 133 134 135 4.0715e-012
  mass 136	3.38889e-020	7.63074e-007 -3.67564e-007 0 4
  spring 135 136 1e-008 0.226195
  hinge 134 135 136 4.0715e-012
  mass 137	3.38889e-020	7.57032e-007 -3.75533e-007 0 4
  spring 136 137 1e-008 0.226195
  hinge 135 136 137 4.0715e-012
  mass 138	3.38889e-020	7.50862e-007 -3.83402e-007 0 4
  spring 137 138 1e-008 0.226195
  hinge 136 137 138 4.0715e-012
  mass 139	3.38889e-020	7.44564e-007 -3.9117e-007 0 4
  spring 138 139 1e-008 0.226195
  hinge 137 138 139 4.0715e-012
  mass 140	3.38889e-020	7.38141e-007 -3.98834e-007 0 4
  spring 139 140 1e-008 0.226195
  hinge 138 139 140 4.0715e-012
  mass 141	3.38889e-020	7.31595e-007 -4.06393e-007 0 4
  spring 140 141 1e-008 0.226195
  hinge 139 140 141 4.0715e-012
  mass 142	3.38889e-020	7.24926e-007 -4.13845e-007 0 4
  spring 141 142 1e-008 0.226195
  hinge 140 141 142 4.0715e-012
  mass 143	3.38889e-020	7.18137e-007 -4.21187e-007 0 4
  spring 142 143 1e-008 0.226195
  hinge 141 142 143 4.0715e-012
  mass 144	3.38889e-020	7.11229e-007 -4.28418e-007 0 4
  spring 143 144 1e-008 0.226195
  hinge 142 143 144 4.0715e-012
  mass 145	3.38889e-020	7.04205e-007 -4.35535e-007 0 4
  spring 144 145 1e-008 0.226195
  hinge 143 144 145 4.0715e-012
  mass 146	3.38889e-020	6.97066e-007 -4.42537e-007 0 4
  spring 145 146 1e-008 0.226195
  hinge 144 145 146 4.0715e-012
  mass 147	3.38889e-020	6.89814e-007 -4.49423e-007 0 4
  spring 146 147 1e-008 0.226195
  hinge 145 146 147 4.0715e-012
  mass 148	3.38889e-020	6.82452e-007 -4.56189e-007 0 4
  spring 147 148 1e-008 0.226195
  hinge 146 147 148 4.0715e-012
  mass 149	3.38889e-020	6.7498e-007 -4.62835e-007 0 4
  spring 148 149 1e-008 0.226195
  hinge 147 148 149 4.0715e-012
  mass 150	3.38889e-020	6.67401e-007 -4.69359e-007 0 4
  spring 149 150 1e-008 0.226195
  hinge 148 149 150 4.0715e-012
  mass 151	3.38889e-020	6.59717e-007 -4.75758e-007 0 4
  spring 150 151 1e-008 0.226195
  hinge 149 150 151 4.0715e-012
  mass 152	3.38889e-020	6.51929e-007 -4.82032e-007 0 4
  spring 151 152 1e-008 0.226195
  hinge 150 151 152 4.0715e-012
  mass 153	3.38889e-020	6.44041e-007 -4.88178e-007 0 4
  spring 152 153 1e-008 0.226195
  hinge 151 152 153 4.0715e-012
  mass 154	3.38889e-020	6.36054e-007 -4.94195e-007 0 4
  spring 153 154 1e-008 0.226195
  hinge 152 153 154 4.0715e-012
  mass 155	3.38889e-020	6.27971e-007 -5.00082e-007 0 4
  spring 154 155 1e-008 0.226195
  hinge 153 154 155 4.0715e-012
  mass 156	3.38889e-020	6.19792e-007 -5.05836e-007 0 4
  spring 155 156 1e-008 0.226195
  hinge 154 155 156 4.0715e-012
  mass 157	3.38889e-020	6.11522e-007 -5.11457e-007 0 4
  spring 156 157 1e-008 0.226195
  hinge 155 156 157 4.0715e-012
  mass 158	3.38889e-020	6.0316e-007 -5.16942e-007 0 4
  spring 157 158 1e-008 0.226195
  hinge 156 157 158 4.0715e-012
  mass 159	3.38889e-020	5.94711e-007 -5.22291e-007 0 4
  spring 158 159 1e-008 0.226195
  hinge 157 158 159 4.0715e-012
  mass 160	3.38889e-020	5.86176e-007 -5.27501e-007 0 4
  spring 159 160 1e-008 0.226195
  hinge 158 159 160 4.0715e-012
  mass 161	3.38889e-020	5.77557e-007 -5.32573e-007 0 4
  spring 160 161 1e-008 0.226195
  hinge 159 160 161 4.0715e-012
  mass 162	3.38889e-020	5.68857e-007 -5.37503e-007 0 4
  spring 161 162 1e-008 0.226195
  hinge 160 161 162 4.0715e-012
  mass 163	3.38889e-020	5.60078e-007 -5.42291e-007 0 4
  spring 162 163 1e-008 0.226195
  hinge 161 162 163 4.0715e-012
  mass 164	3.38889e-020	5.51223e-007 -5.46936e-007 0 4
  spring 163 164 1e-008 0.226195
  hinge 162 163 164 4.0715e-012
  mass 165	3.38889e-020	5.42293e-007 -5.51436e-007 0 4
  spring 164 165 1e-008 0.226195
  hinge 163 164 165 4.0715e-012
  mass 166	3.38889e-020	5.33291e-007 -5.5579e-007 0 4
  spring 165 166 1e-008 0.226195
  hinge 164 165 166 4.0715e-012
  mass 167	3.38889e-020	5.24219e-007 -5.59998e-007 0 4
  spring 166 167 1e-008 0.226195
  hinge 165 166 167 4.0715e-012
  mass 168	3.38889e-020	5.1508e-007 -5.64057e-007 0 4
  spring 167 168 1e-008 0.226195
  hinge 166 167 168 4.0715e-012
  mass 169	3.38889e-020	5.05876e-007 -5.67968e-007 0 4
  spring 168 169 1e-008 0.226195
  hinge 167 168 169 4.0715e-012
  mass 170	3.38889e-020	4.9661e-007 -5.71728e-007 0 4
  spring 169 170 1e-008 0.226195
  hinge 168 169 170 4.0715e-012
  mass 171	3.38889e-020	4.87284e-007 -5.75337e-007 0 4
  spring 170 171 1e-008 0.226195
  hinge 169 170 171 4.0715e-012
  mass 172	3.38889e-020	4.77901e-007 -5.78794e-007 0 4
  spring 171 172 1e-008 0.226195
  hinge 170 171 172 4.0715e-012
  mass 173	3.38889e-020	4.68463e-007 -5.82098e-007 0 4
  spring 172 173 1e-008 0.226195
  hinge 171 172 173 4.0715e-012
  mass 174	3.38889e-020	4.58972e-007 -5.85247e-007 0 4
  spring 173 174 1e-008 0.226195
  hinge 172 173 174 4.0715e-012
  mass 175	3.38889e-020	4.49431e-007 -5.88243e-007 0 4
  spring 174 175 1e-008 0.226195
  hinge 173 174 175 4.0715e-012
  mass 176	3.38889e-020	4.39843e-007 -5.91082e-007 0 4
  spring 175 176 1e-008 0.226195
  hinge 174 175 176 4.0715e-012
  mass 177	3.38889e-020	4.3021e-007 -5.93766e-007 0 4
  spring 176 177 1e-008 0.226195
  hinge 175 176 177 4.0715e-012
  mass 178	3.38889e-020	4.20534e-007 -5.96292e-007 0 4
  spring 177 178 1e-008 0.226195
  hinge 176 177 178 4.0715e-012
  mass 179	3.38889e-020	4.10819e-007 -5.98661e-007 0 4
  spring 178 179 1e-008 0.226195
  hinge 177 178 179 4.0715e-012
  mass 180	3.38889e-020	4.01066e-007 -6.00872e-007 0 4
  spring 179 180 1e-008 0.226195
  hinge 178 179 180 4.0715e-012
  mass 181	3.38889e-020	3.91279e-007 -6.02923e-007 0 4
  spring 180 181 1e-008 0.226195
  hinge 179 180 181 4.0715e-012
  mass 182	3.38889e-020	3.8146e-007 -6.04815e-007 0 4
  spring 181 182 1e-008 0.226195
  hinge 180 181 182 4.0715e-012
  mass 183	3.38889e-020	3.71611e-007 -6.06548e-007 0 4
  spring 182 183 1e-008 0.226195
  hinge 181 182 183 4.0715e-012
  mass 184	3.38889e-020	3.61736e-007 -6.0812e-007 0 4
  spring 183 184 1e-008 0.226195
  hinge 182 183 184 4.0715e-012
  mass 185	3.38889e-020	3.51836e-007 -6.09531e-007 0 4
  spring 184 185 1e-008 0.226195
  hinge 183 184 185 4.0715e-012
  mass 186	3.38889e-020	3.41915e-007 -6.10781e-007 0 4
  spring 185 186 1e-008 0.226195
  hinge 184 185 186 4.0715e-012
  mass 187	3.38889e-020	3.31974e-007 -6.11869e-007 0 4
  spring 186 187 1e-008 0.226195
  hinge 185 186 187 4.0715e-012
  mass 188	3.38889e-020	3.22017e-007 -6.12796e-007 0 4
  spring 187 188 1e-008 0.226195
  hinge 186 187 188 4.0715e-012
  mass 189	3.38889e-020	3.12047e-007 -6.13561e-007 0 4
  spring 188 189 1e-008 0.226195
  hinge 187 188 189 4.0715e-012
  mass 190	3.38889e-020	3.02065e-007 -6.14164e-007 0 4
  spring 189 190 1e-008 0.226195
  hinge 188 189 190 4.0715e-012
  mass 191	3.38889e-020	2.92075e-007 -6.14604e-007 0 4
  spring 190 191 1e-008 0.226195
  hinge 189 190 191 4.0715e-012
  mass 192	3.38889e-020	2.82079e-007 -6.14881e-007 0 4
  spring 191 192 1e-008 0.226195
  hinge 190 191 192 4.0715e-012
  mass 193	3.38889e-020	2.72079e-007 -6.14996e-007 0 4
  spring 192 193 1e-008 0.226195
  hinge 191 192 193 4.0715e-012
  mass 194	3.38889e-020	2.6208e-007 -6.14949e-007 0 4
  spring 193 194 1e-008 0.226195
  hinge 192 193 194 4.0715e-012
  mass 195	3.38889e-020	2.52082e-007 -6.14739e-007 0 4
  spring 194 195 1e-008 0.226195
  hinge 193 194 195 4.0715e-012
  mass 196	3.38889e-020	2.42089e-007 -6.14366e-007 0 4
  spring 195 196 1e-008 0.226195
  hinge 194 195 196 4.0715e-012
  mass 197	3.38889e-020	2.32104e-007 -6.13831e-007 0 4
  spring 196 197 1e-008 0.226195
  hinge 195 196 197 4.0715e-012
  mass 198	3.38889e-020	2.22128e-007 -6.13134e-007 0 4
  spring 197 198 1e-008 0.226195
  hinge 196 197 198 4.0715e-012
  mass 199	3.38889e-020	2.12165e-007 -6.12275e-007 0 4
  spring 198 199 1e-008 0.226195
  hinge 197 198 199 4.0715e-012
  mass 200	3.38889e-020	2.02217e-007 -6.11253e-007 0 4
  spring 199 200 1e-008 0.226195
  hinge 198 199 200 4.0715e-012
  mass 201	3.38889e-020	1.92288e-007 -6.1007e-007 0 4
  spring 200 201 1e-008 0.226195
  hinge 199 200 201 4.0715e-012
  mass 202	3.38889e-020	1.82379e-007 -6.08726e-007 0 4
  spring 201 202 1e-008 0.226195
  hinge 200 201 202 4.0715e-012
  mass 203	3.38889e-020	1.72493e-007 -6.07221e-007 0 4
  spring 202 203 1e-008 0.226195
  hinge 201 202 203 4.0715e-012
  mass 204	3.38889e-020	1.62633e-007 -6.05555e-007 0 4
  spring 203 204 1e-008 0.226195
  hinge 202 203 204 4.0715e-012
  mass 205	3.38889e-020	1.52801e-007 -6.0373e-007 0 4
  spring 204 205 1e-008 0.226195
  hinge 203 204 205 4.0715e-012
  mass 206	3.38889e-020	1.43e-007 -6.01744e-007 0 4
  spring 205 206 1e-008 0.226195
  hinge 204 205 206 4.0715e-012
  mass 207	3.38889e-020	1.33233e-007 -5.996e-007 0 4
  spring 206 207 1e-008 0.226195
  hinge 205 206 207 4.0715e-012
  mass 208	3.38889e-020	1.23502e-007 -5.97297e-007 0 4
  spring 207 208 1e-008 0.226195
  hinge 206 207 208 4.0715e-012
  mass 209	3.38889e-020	1.13809e-007 -5.94836e-007 0 4
  spring 208 209 1e-008 0.226195
  hinge 207 208 209 4.0715e-012
  mass 210	3.38889e-020	1.04158e-007 -5.92217e-007 0 4
  spring 209 210 1e-008 0.226195
  hinge 208 209 210 4.0715e-012
  mass 211	3.38889e-020	9.4551e-008 -5.89443e-007 0 4
  spring 210 211 1e-008 0.226195
  hinge 209 210 211 4.0715e-012
  mass 212	3.38889e-020	8.49902e-008 -5.86512e-007 0 4
  spring 211 212 1e-008 0.226195
  hinge 210 211 212 4.0715e-012
  mass 213	3.38889e-020	7.54783e-008 -5.83426e-007 0 4
  spring 212 213 1e-008 0.226195
  hinge 211 212 213 4.0715e-012
  mass 214	3.38889e-020	6.60178e-008 -5.80186e-007 0 4
  spring 213 214 1e-008 0.226195
  hinge 212 213 214 4.0715e-012
  mass 215	3.38889e-020	5.66112e-008 -5.76793e-007 0 4
  spring 214 215 1e-008 0.226195
  hinge 213 214 215 4.0715e-012
  mass 216	3.38889e-020	4.72611e-008 -5.73247e-007 0 4
  spring 215 216 1e-008 0.226195
  hinge 214 215 216 4.0715e-012
  mass 217	3.38889e-020	3.79699e-008 -5.6955e-007 0 4
  spring 216 217 1e-008 0.226195
  hinge 215 216 217 4.0715e-012
  mass 218	3.38889e-020	2.874e-008 -5.65702e-007 0 4
  spring 217 218 1e-008 0.226195
  hinge 216 217 218 4.0715e-012
  mass 219	3.38889e-020	1.95739e-008 -5.61704e-007 0 4
  spring 218 219 1e-008 0.226195
  hinge 217 218 219 4.0715e-012
  mass 220	3.38889e-020	1.0474e-008 -5.57558e-007 0 4
  spring 219 220 1e-008 0.226195
  hinge 218 219 220 4.0715e-012
  mass 221	3.38889e-020	1.44269e-009 -5.53265e-007 0 4
  spring 220 221 1e-008 0.226195
  hinge 219 220 221 4.0715e-012
  mass 222	3.38889e-020	-7.51759e-009 -5.48825e-007 0 4
  spring 221 222 1e-008 0.226195
  hinge 220 221 222 4.0715e-012
  mass 223	3.38889e-020	-1.64045e-008 -5.4424e-007 0 4
  spring 222 223 1e-008 0.226195
  hinge 221 222 223 4.0715e-012
  mass 224	3.38889e-020	-2.52157e-008 -5.39512e-007 0 4
  spring 223 224 1e-008 0.226195
  hinge 222 223 224 4.0715e-012
  mass 225	3.38889e-020	-3.39488e-008 -5.3464e-007 0 4
  spring 224 225 1e-008 0.226195
  hinge 223 224 225 4.0715e-012
  mass 226	3.38889e-020	-4.26016e-008 -5.29627e-007 0 1
  spring 225 226 1e-008 0.226195
  hinge 224 225 226 4.0715e-012
  mass 227	3.38889e-020	-5.11717e-008 -5.24475e-007 0 1
  spring 226 227 1e-008 0.226195
  hinge 225 226 227 4.0715e-012
  mass 228	3.38889e-020	-5.96569e-008 -5.19183e-007 0 1
  spring 227 228 1e-008 0.226195
  hinge 226 227 228 4.0715e-012
  mass 229	3.38889e-020	-6.8055e-008 -5.13755e-007 0 1
  spring 228 229 1e-008 0.226195
  hinge 227 228 229 4.0715e-012
  mass 230	3.38889e-020	-7.63637e-008 -5.0819e-007 0 1
  spring 229 230 1e-008 0.226195
  hinge 228 229 230 4.0715e-012
  mass 231	3.38889e-020	-8.45808e-008 -5.02491e-007 0 1
  spring 230 231 1e-008 0.226195
  hinge 229 230 231 4.0715e-012
  mass 232	3.38889e-020	-9.27041e-008 -4.9666e-007 0 1
  spring 231 232 1e-008 0.226195
  hinge 230 231 232 4.0715e-012
  mass 233	3.38889e-020	-1.00732e-007 -4.90697e-007 0 1
  spring 232 233 1e-008 0.226195
  hinge 231 232 233 4.0715e-012
  mass 234	3.38889e-020	-1.08661e-007 -4.84604e-007 0 1
  spring 233 234 1e-008 0.226195
  hinge 232 233 234 4.0715e-012
  mass 235	3.38889e-020	-1.1649e-007 -4.78383e-007 0 1
  spring 234 235 1e-008 0.226195
  hinge 233 234 235 4.0715e-012
  mass 236	3.38889e-020	-1.24218e-007 -4.72036e-007 0 1
  spring 235 236 1e-008 0.226195
  hinge 234 235 236 4.0715e-012
  mass 237	3.38889e-020	-1.3184e-007 -4.65563e-007 0 1
  spring 236 237 1e-008 0.226195
  hinge 235 236 237 4.0715e-012
  mass 238	3.38889e-020	-1.39357e-007 -4.58968e-007 0 1
  spring 237 238 1e-008 0.226195
  hinge 236 237 238 4.0715e-012
  mass 239	3.38889e-020	-1.46766e-007 -4.52252e-007 0 1
  spring 238 239 1e-008 0.226195
  hinge 237 238 239 4.0715e-012
  mass 240	3.38889e-020	-1.54064e-007 -4.45415e-007 0 1
  spring 239 240 1e-008 0.226195
  hinge 238 239 240 4.0715e-012
  mass 241	3.38889e-020	-1.6125e-007 -4.38461e-007 0 1
  spring 240 241 1e-008 0.226195
  hinge 239 240 241 4.0715e-012
  mass 242	3.38889e-020	-1.68322e-007 -4.31392e-007 0 1
  spring 241 242 1e-008 0.226195
  hinge 240 241 242 4.0715e-012
  mass 243	3.38889e-020	-1.75278e-007 -4.24208e-007 0 1
  spring 242 243 1e-008 0.226195
  hinge 241 242 243 4.0715e-012
  mass 244	3.38889e-020	-1.82117e-007 -4.16912e-007 0 1
  spring 243 244 1e-008 0.226195
  hinge 242 243 244 4.0715e-012
  mass 245	3.38889e-020	-1.88836e-007 -4.09505e-007 0 1
  spring 244 245 1e-008 0.226195
  hinge 243 244 245 4.0715e-012
  mass 246	3.38889e-020	-1.95434e-007 -4.01991e-007 0 1
  spring 245 246 1e-008 0.226195
  hinge 244 245 246 4.0715e-012
  mass 247	3.38889e-020	-2.01908e-007 -3.9437e-007 0 1
  spring 246 247 1e-008 0.226195
  hinge 245 246 247 4.0715e-012
  mass 248	3.38889e-010	-2.08258e-007 -2.6305e-008 0 3
  spring 247 248 1e-008 0.226195
  hinge 246 247 248 4.0715e-012
  mass 249	3.38889e-020	-2.14481e-007 -3.78818e-007 0 1
  spring 248 249 1e-008 0.226195
  hinge 247 248 249 4.0715e-012
  mass 250	3.38889e-020	-2.20577e-007 -3.7089e-007 0 1
  spring 249 250 1e-008 0.226195
  hinge 248 249 250 4.0715e-012
  mass 251	3.38889e-020	-2.26542e-007 -3.62865e-007 0 1
  spring 250 251 1e-008 0.226195
  hinge 249 250 251 4.0715e-012
  mass 252	3.38889e-020	-2.32377e-007 -3.54743e-007 0 1
  spring 251 252 1e-008 0.226195
  hinge 250 251 252 4.0715e-012
  mass 253	3.38889e-020	-2.38078e-007 -3.46528e-007 0 1
  spring 252 253 1e-008 0.226195
  hinge 251 252 253 4.0715e-012
  mass 254	3.38889e-020	-2.43645e-007 -3.38221e-007 0 1
  spring 253 254 1e-008 0.226195
  hinge 252 253 254 4.0715e-012
  mass 255	3.38889e-020	-2.49077e-007 -3.29825e-007 0 1
  spring 254 255 1e-008 0.226195
  hinge 253 254 255 4.0715e-012
  mass 256	3.38889e-020	-2.54371e-007 -3.21341e-007 0 1
  spring 255 256 1e-008 0.226195
  hinge 254 255 256 4.0715e-012
  mass 257	3.38889e-020	-2.59526e-007 -3.12773e-007 0 1
  spring 256 257 1e-008 0.226195
  hinge 255 256 257 4.0715e-012
  mass 258	3.38889e-020	-2.64542e-007 -3.04122e-007 0 1
  spring 257 258 1e-008 0.226195
  hinge 256 257 258 4.0715e-012
  mass 259	3.38889e-020	-2.69416e-007 -2.9539e-007 0 1
  spring 258 259 1e-008 0.226195
  hinge 257 258 259 4.0715e-012
  mass 260	3.38889e-020	-2.74148e-007 -2.8658e-007 0 1
  spring 259 260 1e-008 0.226195
  hinge 258 259 260 4.0715e-012
  mass 261	3.38889e-020	-2.78735e-007 -2.77695e-007 0 1
  spring 260 261 1e-008 0.226195
  hinge 259 260 261 4.0715e-012
  mass 262	3.38889e-020	-2.83178e-007 -2.68736e-007 0 1
  spring 261 262 1e-008 0.226195
  hinge 260 261 262 4.0715e-012
  mass 263	3.38889e-020	-2.87474e-007 -2.59706e-007 0 1
  spring 262 263 1e-008 0.226195
  hinge 261 262 263 4.0715e-012
  mass 264	3.38889e-020	-2.91623e-007 -2.50608e-007 0 1
  spring 263 264 1e-008 0.226195
  hinge 262 263 264 4.0715e-012
  mass 265	3.38889e-020	-2.95624e-007 -2.41443e-007 0 1
  spring 264 265 1e-008 0.226195
  hinge 263 264 265 4.0715e-012
  mass 266	3.38889e-020	-2.99475e-007 -2.32214e-007 0 1
  spring 265 266 1e-008 0.226195
  hinge 264 265 266 4.0715e-012
  mass 267	3.38889e-020	-3.03175e-007 -2.22924e-007 0 1
  spring 266 267 1e-008 0.226195
  hinge 265 266 267 4.0715e-012
  mass 268	3.38889e-020	-3.06724e-007 -2.13575e-007 0 1
  spring 267 268 1e-008 0.226195
  hinge 266 267 268 4.0715e-012
  mass 269	3.38889e-020	-3.1012e-007 -2.0417e-007 0 1
  spring 268 269 1e-008 0.226195
  hinge 267 268 269 4.0715e-012
  mass 270	3.38889e-020	-3.13363e-007 -1.9471e-007 0 1
  spring 269 270 1e-008 0.226195
  hinge 268 269 270 4.0715e-012
  mass 271	3.38889e-020	-3.16452e-007 -1.85199e-007 0 1
  spring 270 271 1e-008 0.226195
  hinge 269 270 271 4.0715e-012
  mass 272	3.38889e-020	-3.19386e-007 -1.75639e-007 0 1
  spring 271 272 1e-008 0.226195
  hinge 270 271 272 4.0715e-012
  mass 273	3.38889e-020	-3.22164e-007 -1.66033e-007 0 1
  spring 272 273 1e-008 0.226195
  hinge 271 272 273 4.0715e-012
  mass 274	3.38889e-020	-3.24785e-007 -1.56383e-007 0 1
  spring 273 274 1e-008 0.226195
  hinge 272 273 274 4.0715e-012
  mass 275	3.38889e-020	-3.27249e-007 -1.46691e-007 0 1
  spring 274 275 1e-008 0.226195
  hinge 273 274 275 4.0715e-012
  mass 276	3.38889e-020	-3.29555e-007 -1.36961e-007 0 1
  spring 275 276 1e-008 0.226195
  hinge 274 275 276 4.0715e-012
  mass 277	3.38889e-020	-3.31703e-007 -1.27195e-007 0 1
  spring 276 277 1e-008 0.226195
  hinge 275 276 277 4.0715e-012
  mass 278	3.38889e-020	-3.33692e-007 -1.17394e-007 0 1
  spring 277 278 1e-008 0.226195
  hinge 276 277 278 4.0715e-012
  mass 279	3.38889e-020	-3.35521e-007 -1.07563e-007 0 1
  spring 278 279 1e-008 0.226195
  hinge 277 278 279 4.0715e-012
  mass 280	3.38889e-020	-3.37189e-007 -9.77035e-008 0 1
  spring 279 280 1e-008 0.226195
  hinge 278 279 280 4.0715e-012
  mass 281	3.38889e-020	-3.38698e-007 -8.7818e-008 0 1
  spring 280 281 1e-008 0.226195
  hinge 279 280 281 4.0715e-012
  mass 282	3.38889e-020	-3.40045e-007 -7.79093e-008 0 1
  spring 281 282 1e-008 0.226195
  hinge 280 281 282 4.0715e-012
  mass 283	3.38889e-020	-3.41231e-007 -6.798e-008 0 1
  spring 282 283 1e-008 0.226195
  hinge 281 282 283 4.0715e-012
  mass 284	3.38889e-020	-3.42256e-007 -5.80328e-008 0 1
  spring 283 284 1e-008 0.226195
  hinge 282 283 284 4.0715e-012
  mass 285	3.38889e-020	-3.43118e-007 -4.80701e-008 0 1
  spring 284 285 1e-008 0.226195
  hinge 283 284 285 4.0715e-012
  mass 286	3.38889e-020	-3.43819e-007 -3.80948e-008 0 1
  spring 285 286 1e-008 0.226195
  hinge 284 285 286 4.0715e-012
  mass 287	3.38889e-020	-3.44357e-007 -2.81094e-008 0 1
  spring 286 287 1e-008 0.226195
  hinge 285 286 287 4.0715e-012
  mass 288	3.38889e-020	-3.44733e-007 -1.81166e-008 0 1
  spring 287 288 1e-008 0.226195
  hinge 286 287 288 4.0715e-012
  mass 289	3.38889e-020	-3.44946e-007 -8.11899e-009 0 1
  spring 288 289 1e-008 0.226195
  hinge 287 288 289 4.0715e-012
  mass 290	3.38889e-020	-3.44997e-007 1.88077e-009 0 1
  spring 289 290 1e-008 0.226195
  hinge 288 289 290 4.0715e-012
  mass 291	3.38889e-020	-3.44885e-007 1.188e-008 0 1
  spring 290 291 1e-008 0.226195
  hinge 289 290 291 4.0715e-012
  mass 292	3.38889e-020	-3.44611e-007 2.18762e-008 0 1
  spring 291 292 1e-008 0.226195
  hinge 290 291 292 4.0715e-012
  mass 293	3.38889e-020	-3.44174e-007 3.18665e-008 0 1
  spring 292 293 1e-008 0.226195
  hinge 291 292 293 4.0715e-012
  mass 294	3.38889e-020	-3.43575e-007 4.18484e-008 0 1
  spring 293 294 1e-008 0.226195
  hinge 292 293 294 4.0715e-012
  mass 295	3.38889e-020	-3.42813e-007 5.18193e-008 0 1
  spring 294 295 1e-008 0.226195
  hinge 293 294 295 4.0715e-012
  mass 296	3.38889e-020	-3.41889e-007 6.17764e-008 0 1
  spring 295 296 1e-008 0.226195
  hinge 294 295 296 4.0715e-012
  mass 297	3.38889e-020	-3.40804e-007 7.17172e-008 0 1
  spring 296 297 1e-008 0.226195
  hinge 295 296 297 4.0715e-012
  mass 298	3.38889e-020	-3.39557e-007 8.16391e-008 0 1
  spring 297 298 1e-008 0.226195
  hinge 296 297 298 4.0715e-012
  mass 299	3.38889e-020	-3.38149e-007 9.15394e-008 0 1
  spring 298 299 1e-008 0.226195
  hinge 297 298 299 4.0715e-012
  mass 300	3.38889e-020	-3.36581e-007 1.01415e-007 0 1
  spring 299 300 1e-008 0.226195
  hinge 298 299 300 4.0715e-012
  mass 301	3.38889e-020	-3.34851e-007 1.11265e-007 0 1
  spring 300 301 1e-008 0.226195
  hinge 299 300 301 4.0715e-012
  mass 302	3.38889e-020	-3.32962e-007 1.21085e-007 0 1
  spring 301 302 1e-008 0.226195
  hinge 300 301 302 4.0715e-012
  mass 303	3.38889e-020	-3.30914e-007 1.30872e-007 0 1
  spring 302 303 1e-008 0.226195
  hinge 301 302 303 4.0715e-012
  mass 304	3.38889e-020	-3.28706e-007 1.40626e-007 0 1
  spring 303 304 1e-008 0.226195
  hinge 302 303 304 4.0715e-012
  mass 305	3.38889e-020	-3.26341e-007 1.50342e-007 0 1
  spring 304 305 1e-008 0.226195
  hinge 303 304 305 4.0715e-012
  mass 306	3.38889e-020	-3.23818e-007 1.60018e-007 0 1
  spring 305 306 1e-008 0.226195
  hinge 304 305 306 4.0715e-012
  mass 307	3.38889e-020	-3.21137e-007 1.69652e-007 0 1
  spring 306 307 1e-008 0.226195
  hinge 305 306 307 4.0715e-012
  mass 308	3.38889e-020	-3.18301e-007 1.79241e-007 0 1
  spring 307 308 1e-008 0.226195
  hinge 306 307 308 4.0715e-012
  mass 309	3.38889e-020	-3.15309e-007 1.88783e-007 0 1
  spring 308 309 1e-008 0.226195
  hinge 307 308 309 4.0715e-012
  mass 310	3.38889e-020	-3.12162e-007 1.98275e-007 0 1
  spring 309 310 1e-008 0.226195
  hinge 308 309 310 4.0715e-012
  mass 311	3.38889e-020	-3.08861e-007 2.07714e-007 0 1
  spring 310 311 1e-008 0.226195
  hinge 309 310 311 4.0715e-012
  mass 312	3.38889e-020	-3.05407e-007 2.17099e-007 0 1
  spring 311 312 1e-008 0.226195
  hinge 310 311 312 4.0715e-012
  mass 313	3.38889e-020	-3.01801e-007 2.26426e-007 0 1
  spring 312 313 1e-008 0.226195
  hinge 311 312 313 4.0715e-012
  mass 314	3.38889e-020	-2.98044e-007 2.35693e-007 0 1
  spring 313 314 1e-008 0.226195
  hinge 312 313 314 4.0715e-012
  mass 315	3.38889e-020	-2.94137e-007 2.44898e-007 0 1
  spring 314 315 1e-008 0.226195
  hinge 313 314 315 4.0715e-012
  mass 316	3.38889e-020	-2.9008e-007 2.54038e-007 0 1
  spring 315 316 1e-008 0.226195
  hinge 314 315 316 4.0715e-012
  mass 317	3.38889e-020	-2.85876e-007 2.63111e-007 0 1
  spring 316 317 1e-008 0.226195
  hinge 315 316 317 4.0715e-012
  mass 318	3.38889e-020	-2.81524e-007 2.72114e-007 0 1
  spring 317 318 1e-008 0.226195
  hinge 316 317 318 4.0715e-012
  mass 319	3.38889e-020	-2.77027e-007 2.81046e-007 0 1
  spring 318 319 1e-008 0.226195
  hinge 317 318 319 4.0715e-012
  mass 320	3.38889e-020	-2.72385e-007 2.89903e-007 0 1
  spring 319 320 1e-008 0.226195
  hinge 318 319 320 4.0715e-012
  mass 321	3.38889e-020	-2.67599e-007 2.98684e-007 0 1
  spring 320 321 1e-008 0.226195
  hinge 319 320 321 4.0715e-012
  mass 322	3.38889e-020	-2.62672e-007 3.07385e-007 0 1
  spring 321 322 1e-008 0.226195
  hinge 320 321 322 4.0715e-012
  mass 323	3.38889e-020	-2.57604e-007 3.16006e-007 0 1
  spring 322 323 1e-008 0.226195
  hinge 321 322 323 4.0715e-012
  mass 324	3.38889e-020	-2.52396e-007 3.24542e-007 0 1
  spring 323 324 1e-008 0.226195
  hinge 322 323 324 4.0715e-012
  mass 325	3.38889e-020	-2.4705e-007 3.32993e-007 0 1
  spring 324 325 1e-008 0.226195
  hinge 323 324 325 4.0715e-012
  mass 326	3.38889e-020	-2.41567e-007 3.41356e-007 0 1
  spring 325 326 1e-008 0.226195
  hinge 324 325 326 4.0715e-012
  mass 327	3.38889e-020	-2.35949e-007 3.49629e-007 0 1
  spring 326 327 1e-008 0.226195
  hinge 325 326 327 4.0715e-012
  mass 328	3.38889e-020	-2.30198e-007 3.57809e-007 0 1
  spring 327 328 1e-008 0.226195
  hinge 326 327 328 4.0715e-012
  mass 329	3.38889e-020	-2.24314e-007 3.65895e-007 0 1
  spring 328 329 1e-008 0.226195
  hinge 327 328 329 4.0715e-012
  mass 330	3.38889e-020	-2.18299e-007 3.73884e-007 0 1
  spring 329 330 1e-008 0.226195
  hinge 328 329 330 4.0715e-012
  mass 331	3.38889e-020	-2.12155e-007 3.81774e-007 0 1
  spring 330 331 1e-008 0.226195
  hinge 329 330 331 4.0715e-012
  mass 332	3.38889e-020	-2.05884e-007 3.89563e-007 0 1
  spring 331 332 1e-008 0.226195
  hinge 330 331 332 4.0715e-012
  mass 333	3.38889e-020	-1.99487e-007 3.97249e-007 0 1
  spring 332 333 1e-008 0.226195
  hinge 331 332 333 4.0715e-012
  mass 334	3.38889e-020	-1.92966e-007 4.0483e-007 0 1
  spring 333 334 1e-008 0.226195
  hinge 332 333 334 4.0715e-012
  mass 335	3.38889e-020	-1.86323e-007 4.12304e-007 0 1
  spring 334 335 1e-008 0.226195
  hinge 333 334 335 4.0715e-012
  mass 336	3.38889e-020	-1.79558e-007 4.19669e-007 0 1
  spring 335 336 1e-008 0.226195
  hinge 334 335 336 4.0715e-012
  mass 337	3.38889e-020	-1.72675e-007 4.26923e-007 0 1
  spring 336 337 1e-008 0.226195
  hinge 335 336 337 4.0715e-012
  mass 338	3.38889e-020	-1.65675e-007 4.34064e-007 0 1
  spring 337 338 1e-008 0.226195
  hinge 336 337 338 4.0715e-012
  mass 339	3.38889e-020	-1.5856e-007 4.41091e-007 0 1
  spring 338 339 1e-008 0.226195
  hinge 337 338 339 4.0715e-012
  mass 340	3.38889e-020	-1.51332e-007 4.48001e-007 0 1
  spring 339 340 1e-008 0.226195
  hinge 338 339 340 4.0715e-012
  mass 341	3.38889e-020	-1.43992e-007 4.54792e-007 0 1
  spring 340 341 1e-008 0.226195
  hinge 339 340 341 4.0715e-012
  mass 342	3.38889e-020	-1.36542e-007 4.61463e-007 0 1
  spring 341 342 1e-008 0.226195
  hinge 340 341 342 4.0715e-012
  mass 343	3.38889e-020	-1.28985e-007 4.68012e-007 0 1
  spring 342 343 1e-008 0.226195
  hinge 341 342 343 4.0715e-012
  mass 344	3.38889e-020	-1.21323e-007 4.74438e-007 0 1
  spring 343 344 1e-008 0.226195
  hinge 342 343 344 4.0715e-012
  mass 345	3.38889e-020	-1.13557e-007 4.80738e-007 0 1
  spring 344 345 1e-008 0.226195
  hinge 343 344 345 4.0715e-012
  mass 346	3.38889e-020	-1.0569e-007 4.86911e-007 0 1
  spring 345 346 1e-008 0.226195
  hinge 344 345 346 4.0715e-012
  mass 347	3.38889e-020	-9.77234e-008 4.92955e-007 0 1
  spring 346 347 1e-008 0.226195
  hinge 345 346 347 4.0715e-012
  mass 348	3.38889e-020	-8.96596e-008 4.98869e-007 0 1
  spring 347 348 1e-008 0.226195
  hinge 346 347 348 4.0715e-012
  mass 349	3.38889e-020	-8.15007e-008 5.04651e-007 0 1
  spring 348 349 1e-008 0.226195
  hinge 347 348 349 4.0715e-012
  mass 350	3.38889e-020	-7.32489e-008 5.10299e-007 0 1
  spring 349 350 1e-008 0.226195
  hinge 348 349 350 4.0715e-012
  mass 351	3.38889e-020	-6.49064e-008 5.15813e-007 0 1
  spring 350 351 1e-008 0.226195
  hinge 349 350 351 4.0715e-012
  mass 352	3.38889e-020	-5.64753e-008 5.2119e-007 0 1
  spring 351 352 1e-008 0.226195
  hinge 350 351 352 4.0715e-012
  mass 353	3.38889e-020	-4.79579e-008 5.26429e-007 0 1
  spring 352 353 1e-008 0.226195
  hinge 351 352 353 4.0715e-012
  mass 354	3.38889e-020	-3.93564e-008 5.3153e-007 0 1
  spring 353 354 1e-008 0.226195
  hinge 352 353 354 4.0715e-012
  mass 355	3.38889e-020	-3.06731e-008 5.36489e-007 0 1
  spring 354 355 1e-008 0.226195
  hinge 353 354 355 4.0715e-012
  mass 356	3.38889e-020	-2.19103e-008 5.41307e-007 0 1
  spring 355 356 1e-008 0.226195
  hinge 354 355 356 4.0715e-012
  mass 357	3.38889e-020	-1.30704e-008 5.45982e-007 0 1
  spring 356 357 1e-008 0.226195
  hinge 355 356 357 4.0715e-012
  mass 358	3.38889e-020	-4.15561e-009 5.50512e-007 0 1
  spring 357 358 1e-008 0.226195
  hinge 356 357 358 4.0715e-012
  mass 359	3.38889e-020	4.83165e-009 5.54897e-007 0 1
  spring 358 359 1e-008 0.226195
  hinge 357 358 359 4.0715e-012
  mass 360	3.38889e-020	1.3889e-008 5.59135e-007 0 1
  spring 359 360 1e-008 0.226195
  hinge 358 359 360 4.0715e-012
  mass 361	3.38889e-020	2.30141e-008 5.63226e-007 0 1
  spring 360 361 1e-008 0.226195
  hinge 359 360 361 4.0715e-012
  mass 362	3.38889e-020	3.22045e-008 5.67167e-007 0 1
  spring 361 362 1e-008 0.226195
  hinge 360 361 362 4.0715e-012
  mass 363	3.38889e-020	4.14578e-008 5.70958e-007 0 1
  spring 362 363 1e-008 0.226195
  hinge 361 362 363 4.0715e-012
  mass 364	3.38889e-020	5.07714e-008 5.74599e-007 0 1
  spring 363 364 1e-008 0.226195
  hinge 362 363 364 4.0715e-012
  mass 365	3.38889e-020	6.01431e-008 5.78087e-007 0 1
  spring 364 365 1e-008 0.226195
  hinge 363 364 365 4.0715e-012
  mass 366	3.38889e-020	6.95702e-008 5.81423e-007 0 1
  spring 365 366 1e-008 0.226195
  hinge 364 365 366 4.0715e-012
  mass 367	3.38889e-020	7.90503e-008 5.84605e-007 0 1
  spring 366 367 1e-008 0.226195
  hinge 365 366 367 4.0715e-012
  mass 368	3.38889e-020	8.85809e-008 5.87633e-007 0 1
  spring 367 368 1e-008 0.226195
  hinge 366 367 368 4.0715e-012
  mass 369	3.38889e-020	9.81595e-008 5.90505e-007 0 1
  spring 368 369 1e-008 0.226195
  hinge 367 368 369 4.0715e-012
  mass 370	3.38889e-020	1.07783e-007 5.93221e-007 0 1
  spring 369 370 1e-008 0.226195
  hinge 368 369 370 4.0715e-012
  mass 371	3.38889e-020	1.1745e-007 5.9578e-007 0 1
  spring 370 371 1e-008 0.226195
  hinge 369 370 371 4.0715e-012
  mass 372	3.38889e-020	1.27158e-007 5.98181e-007 0 1
  spring 371 372 1e-008 0.226195
  hinge 370 371 372 4.0715e-012
  mass 373	3.38889e-020	1.36903e-007 6.00425e-007 0 1
  spring 372 373 1e-008 0.226195
  hinge 371 372 373 4.0715e-012
  mass 374	3.38889e-020	1.46683e-007 6.0251e-007 0 1
  spring 373 374 1e-008 0.226195
  hinge 372 373 374 4.0715e-012
  mass 375	3.38889e-020	1.56495e-007 6.04435e-007 0 1
  spring 374 375 1e-008 0.226195
  hinge 373 374 375 4.0715e-012
  mass 376	3.38889e-020	1.66338e-007 6.06201e-007 0 1
  spring 375 376 1e-008 0.226195
  hinge 374 375 376 4.0715e-012
  mass 377	3.38889e-020	1.76208e-007 6.07806e-007 0 1
  spring 376 377 1e-008 0.226195
  hinge 375 376 377 4.0715e-012
  mass 378	3.38889e-020	1.86103e-007 6.09251e-007 0 1
  spring 377 378 1e-008 0.226195
  hinge 376 377 378 4.0715e-012
  mass 379	3.38889e-020	1.96021e-007 6.10534e-007 0 1
  spring 378 379 1e-008 0.226195
  hinge 377 378 379 4.0715e-012
  mass 380	3.38889e-020	2.05957e-007 6.11656e-007 0 1
  spring 379 380 1e-008 0.226195
  hinge 378 379 380 4.0715e-012
  mass 381	3.38889e-020	2.15911e-007 6.12617e-007 0 1
  spring 380 381 1e-008 0.226195
  hinge 379 380 381 4.0715e-012
  mass 382	3.38889e-020	2.25879e-007 6.13415e-007 0 1
  spring 381 382 1e-008 0.226195
  hinge 380 381 382 4.0715e-012
  mass 383	3.38889e-020	2.35859e-007 6.14052e-007 0 1
  spring 382 383 1e-008 0.226195
  hinge 381 382 383 4.0715e-012
  mass 384	3.38889e-020	2.45847e-007 6.14526e-007 0 1
  spring 383 384 1e-008 0.226195
  hinge 382 383 384 4.0715e-012
  mass 385	3.38889e-020	2.55842e-007 6.14837e-007 0 1
  spring 384 385 1e-008 0.226195
  hinge 383 384 385 4.0715e-012
  spring 385 0 1e-008 0.226195
  hinge 384 385 0 4.0715e-012
  hinge 385 0 1 4.0715e-012
}

MassColors
1
1
1
1
1
1
1
1
1
1
1
1
1
1
1
1
1
1
1
1
1
1
1
1
1
1
1
1
1
1
1
1
1
1
1
1
1
1
1
1
1
1
1
1
1
1
1
1
1
1
1
1
1
1
1
1
1
1
1
1
1
1
1
1
1
1
1
1
1
1
1
1
1
1
1
1
1
1
1
1
1
1
1
1
1
1
1
1
1
1
1
1
1
1
1
1
1
1
1
1
1
1
1
1
1
1
1
1
1
1
1
1
1
1
1
1
1
1
1
1
1
1
1
1
1
1
1
1
1
1
1
1
1
1
1
1
1
3
1
1
1
1
1
1
1
1
1
1
1
1
1
1
1
1
1
1
1
1
1
1
4
4
4
4
4
4
4
4
4
4
4
4
4
4
4
4
4
4
4
4
4
4
4
4
4
4
4
4
4
4
4
4
4
4
4
4
4
4
4
4
4
4
4
4
4
4
4
4
4
4
4
4
4
4
4
4
4
4
4
4
4
4
4
4
4
4
4
4
4
4
4
4
4
4
4
4
4
4
4
4
4
4
4
4
4
4
4
4
4
4
4
4
4
4
4
4
4
4
4
4
4
4
4
4
4
4
4
4
4
4
4
4
4
4
4
4
4
4
4
4
4
4
4
4
4
4
4
4
4
4
4
4
4
4
4
4
4
4
4
4
4
4
4
4
4
4
4
4
4
4
4
4
4
4
4
4
4
4
4
4
4
4
4
4
4
4
4
4
4
4
4
4
4
4
4
4
4
4
4
4
4
4
4
4
4
4
4
4
4
4
4
4
1
1
1
1
1
1
1
1
1
1
1
1
1
1
1
1
1
1
1
1
1
1
1
1
1
1
1
1
1
1
1
1
1
3

Time 0.18
2.75943e-07 6.07755e-07 -3.60996e-09
2.81599e-07 6.00364e-07 -7.48877e-09
2.88224e-07 5.92903e-07 -8.32559e-09
2.94564e-07 5.8832e-07 -1.94556e-09
2.97173e-07 5.79512e-07 2.19818e-09
3.00181e-07 5.72641e-07 8.80011e-09
2.97945e-07 5.63673e-07 1.2308e-08
2.94479e-07 5.58178e-07 1.9841e-08
2.93273e-07 5.51805e-07 2.75775e-08
2.88419e-07 5.48989e-07 3.59911e-08
2.81425e-07 5.43146e-07 4.00402e-08
2.76406e-07 5.3473e-07 4.11329e-08
2.72743e-07 5.3123e-07 4.97313e-08
2.7028e-07 5.25199e-07 5.72337e-08
2.6834e-07 5.17529e-07 6.32084e-08
2.61264e-07 5.11233e-07 6.63729e-08
2.55716e-07 5.04048e-07 7.0638e-08
2.47572e-07 4.98513e-07 7.09259e-08
2.38147e-07 4.97575e-07 6.7863e-08
2.3258e-07 4.91855e-07 6.20335e-08
2.27051e-07 4.89818e-07 5.38185e-08
2.20775e-07 4.89636e-07 4.59885e-08
2.13636e-07 4.86241e-07 3.9962e-08
2.03791e-07 4.86084e-07 4.12497e-08
1.9516e-07 4.8097e-07 4.19962e-08
1.87247e-07 4.74975e-07 4.27323e-08
1.79091e-07 4.69726e-07 4.5012e-08
1.71621e-07 4.63328e-07 4.65113e-08
1.69296e-07 4.54793e-07 5.12578e-08
1.68771e-07 4.44788e-07 5.18626e-08
1.64937e-07 4.35736e-07 4.96109e-08
1.63914e-07 4.28193e-07 4.30313e-08
1.63218e-07 4.22855e-07 3.45886e-08
1.61447e-07 4.13252e-07 3.25582e-08
1.58169e-07 4.04895e-07 2.79798e-08
1.52302e-07 3.99028e-07 2.24051e-08
1.46843e-07 3.90724e-07 2.11117e-08
1.44785e-07 3.8366e-07 1.4294e-08
1.42002e-07 3.75326e-07 9.38275e-09
1.44669e-07 3.66805e-07 4.93666e-09
1.49031e-07 3.58683e-07 1.31154e-09
1.49139e-07 3.50434e-07 -4.32161e-09
1.49361e-07 3.44409e-07 -1.24531e-08
1.51871e-07 3.39218e-07 -2.06402e-08
1.58677e-07 3.36092e-07 -2.74164e-08
1.55445e-07 3.26896e-07 -2.97467e-08
1.47845e-07 3.2222e-07 -3.43002e-08
1.38068e-07 3.22725e-07 -3.62863e-08
1.2974e-07 3.18813e-07 -4.0122e-08
1.22398e-07 3.12116e-07 -4.1242e-08
1.15384e-07 3.0506e-07 -4.01466e-08
1.11389e-07 2.96e-07 -3.88557e-08
1.04065e-07 2.89724e-07 -4.11839e-08
9.47754e-08 2.86477e-07 -4.27321e-08
8.56136e-08 2.84285e-07 -3.94196e-08
7.69879e-08 2.85206e-07 -3.47135e-08
6.91509e-08 2.83661e-07 -2.87873e-08
6.22711e-08 2.79167e-07 -2.27651e-08
5.72366e-08 2.71596e-07 -1.85153e-08
5.25256e-08 2.63452e-07 -1.5252e-08
4.36922e-08 2.61628e-07 -1.10387e-08
3.38353e-08 2.59714e-07 -9.83752e-09
2.53915e-08 2.5438e-07 -1.08664e-08
1.64341e-08 2.49847e-07 -1.03385e-08
1.09671e-08 2.41916e-07 -1.30708e-08
2.17803e-09 2.40146e-07 -1.75235e-08
-6.53019e-09 2.35276e-07 -1.61956e-08
-1.38229e-08 2.31321e-07 -1.06666e-08
-1.90101e-08 2.2493e-07 -5.09359e-09
-2.68971e-08 2.20561e-07 -9.7678e-10
-3.4276e-08 2.13868e-07 -2.24618e-09
-4.30411e-08 2.09287e-07 -3.49719e-11
-4.5176e-08 2.05006e-07 8.68881e-09
-5.26436e-08 1.99499e-07 1.25121e-08
-5.95244e-08 1.92945e-07 1.59755e-08
-6.42704e-08 1.84484e-07 1.87503e-08
-6.49649e-08 1.74626e-07 1.8378e-08
-5.97296e-08 1.66164e-07 1.7461e-08
-5.86451e-08 1.56275e-07 1.93293e-08
-5.398e-08 1.4761e-07 2.13391e-08
-5.13557e-08 1.38954e-07 2.57286e-08
-4.82659e-08 1.30387e-07 2.97071e-08
-4.4495e-08 1.22949e-07 3.49868e-08
-4.71939e-08 1.13507e-07 3.66907e-08
-5.01968e-08 1.04518e-07 3.99413e-08
-5.56557e-08 9.837e-08 4.54643e-08
-6.02917e-08 8.98033e-08 4.738e-08
-6.70107e-08 8.34759e-08 5.14114e-08
-7.13437e-08 7.4503e-08 5.17525e-08
-7.415e-08 6.54523e-08 5.51861e-08
-7.98435e-08 5.73892e-08 5.71121e-08
-8.73066e-08 5.24948e-08 6.1404e-08
-9.55304e-08 5.30661e-08 6.68968e-08
-1.00031e-07 6.12327e-08 7.0472e-08
-1.06375e-07 6.57432e-08 7.68987e-08
-1.0929e-07 6.96864e-08 8.56801e-08
-1.12473e-07 7.19825e-08 9.49615e-08
-1.13171e-07 6.83302e-08 1.04314e-07
-1.14275e-07 6.64198e-08 1.13993e-07
-1.14654e-07 6.36261e-08 1.23394e-07
-1.147e-07 5.99139e-08 1.32596e-07
-1.16527e-07 6.29535e-08 1.4192e-07
-1.22419e-07 6.91943e-08 1.47204e-07
-1.29742e-07 7.5172e-08 1.50378e-07
-1.36992e-07 8.158e-08 1.47946e-07
-1.43322e-07 8.86672e-08 1.45001e-07
-1.48881e-07 9.68022e-08 1.44086e-07
-1.5792e-07 1.00464e-07 1.42324e-07
-1.67233e-07 1.03759e-07 1.41768e-07
-1.76464e-07 1.05451e-07 1.38496e-07
-1.82832e-07 1.04522e-07 1.30717e-07
-1.9129e-07 1.05887e-07 1.25614e-07
-1.99175e-07 1.01706e-07 1.21298e-07
-2.04039e-07 9.7264e-08 1.13682e-07
-2.04195e-07 9.52138e-08 1.04057e-07
-2.04416e-07 9.47329e-08 9.41771e-08
-2.07022e-07 9.05877e-08 8.55847e-08
-2.1358e-07 8.45865e-08 8.11871e-08
-2.20353e-07 7.85704e-08 7.70197e-08
-2.25901e-07 7.06296e-08 7.41928e-08
-2.32635e-07 6.72355e-08 6.75445e-08
-2.38661e-07 6.37719e-08 6.01251e-08
-2.40251e-07 5.6322e-08 5.37569e-08
-2.40413e-07 4.81547e-08 4.78379e-08
-2.4582e-07 4.01949e-08 4.48145e-08
-2.53765e-07 3.45775e-08 4.69398e-08
-2.59449e-07 2.74095e-08 4.27902e-08
-2.62343e-07 2.03678e-08 3.62182e-08
-2.6482e-07 1.75026e-08 2.69531e-08
-2.65224e-07 1.07066e-08 1.9488e-08
-2.61275e-07 3.12307e-09 1.41577e-08
-2.57674e-07 -5.62751e-09 1.09598e-08
-2.52314e-07 -1.11576e-08 4.65191e-09
-2.43634e-07 -1.57886e-08 2.57344e-09
-2.34194e-07 -1.92458e-08 2.96689e-09
-2.25281e-07 -2.36261e-08 4.01399e-09
-2.17914e-07 -2.8146e-08 -9.82697e-10
-2.08258e-07 -2.6305e-08 1.00338e-15
-2.01921e-07 -2.83069e-08 7.29927e-09
-1.93957e-07 -3.03536e-08 1.31059e-08
-1.89434e-07 -3.33643e-08 2.15456e-08
-1.84617e-07 -3.69142e-08 2.96492e-08
-1.77615e-07 -3.61415e-08 3.67974e-08
-1.69932e-07 -4.03512e-08 4.15686e-08
-1.6403e-07 -4.37963e-08 4.88262e-08
-1.55727e-07 -4.18616e-08 5.39398e-08
-1.47111e-07 -4.35739e-08 5.88547e-08
-1.38738e-07 -4.63953e-08 6.3535e-08
-1.3395e-07 -4.75781e-08 7.23095e-08
-1.26518e-07 -5.3433e-08 7.54193e-08
-1.19622e-07 -6.03042e-08 7.76682e-08
-1.126e-07 -6.72164e-08 7.64215e-08
-1.07347e-07 -7.03318e-08 6.86121e-08
-9.85072e-08 -6.75422e-08 6.48569e-08
-8.94643e-08 -6.36202e-08 6.33129e-08
-8.10886e-08 -5.78183e-08 6.25588e-08
-7.32496e-08 -5.37568e-08 5.77023e-08
-6.73923e-08 -4.94633e-08 5.09748e-08
-6.39809e-08 -4.43251e-08 4.33715e-08
-6.15112e-08 -4.06717e-08 3.4407e-08
-5.83593e-08 -3.44852e-08 2.72869e-08
-5.27264e-08 -3.342e-08 1.913e-08
-4.39176e-08 -3.01846e-08 1.57475e-08
-3.59982e-08 -3.09286e-08 9.70784e-09
-2.86757e-08 -2.9529e-08 2.93821e-09
-2.41149e-08 -2.81945e-08 -5.78371e-09
-1.75809e-08 -2.83885e-08 -1.33741e-08
-1.3733e-08 -3.37792e-08 -2.09915e-08
-4.47158e-09 -3.63941e-08 -2.36367e-08
5.19932e-09 -3.31736e-08 -2.40114e-08
1.50046e-08 -3.10861e-08 -2.5817e-08
2.33735e-08 -2.81975e-08 -3.03606e-08
3.23846e-08 -2.85252e-08 -3.43452e-08
4.13654e-08 -2.59671e-08 -3.80127e-08
4.98741e-08 -2.1064e-08 -3.65109e-08
5.89201e-08 -1.71773e-08 -3.50645e-08
6.45548e-08 -1.12413e-08 -2.93184e-08
6.60445e-08 -1.43539e-09 -2.72471e-08
6.93229e-08 7.98236e-09 -2.60551e-08
7.42864e-08 1.67538e-08 -2.64538e-08
8.17669e-08 2.07842e-08 -3.18757e-08
9.12734e-08 2.29146e-08 -3.43452e-08
9.96746e-08 2.33242e-08 -3.98768e-08
1.09528e-07 2.24867e-08 -3.97752e-08
1.19195e-07 2.19733e-08 -4.24276e-08
1.27425e-07 1.94445e-08 -4.76606e-08
1.36805e-07 1.61839e-08 -4.88777e-08
1.45887e-07 1.21741e-08 -4.83345e-08
1.54952e-07 8.59101e-09 -5.09535e-08
1.63336e-07 3.18377e-09 -4.91531e-08
1.72931e-07 1.45086e-10 -5.03233e-08
1.81968e-07 -3.8008e-09 -4.84326e-08
1.878e-07 -1.19635e-08 -4.76584e-08
1.94333e-07 -1.64602e-08 -5.37162e-08
2.01475e-07 -2.33703e-08 -5.46184e-08
2.08216e-07 -2.57779e-08 -4.7695e-08
2.16316e-07 -2.8563e-08 -4.25775e-08
2.23307e-07 -2.4869e-08 -3.65393e-08
2.3149e-07 -2.41236e-08 -3.0864e-08
2.40595e-07 -2.33361e-08 -2.72218e-08
2.50577e-07 -2.32424e-08 -2.72022e-08
2.55802e-07 -1.57301e-08 -2.3429e-08
2.64579e-07 -1.33488e-08 -1.94591e-08
2.72288e-07 -1.44913e-08 -1.34754e-08
2.8137e-07 -1.74422e-08 -1.0992e-08
2.90287e-07 -2.15015e-08 -1.0391e-08
2.95781e-07 -2.95436e-08 -8.49744e-09
3.02081e-07 -3.59124e-08 -1.26689e-08
3.09238e-07 -4.28048e-08 -1.37268e-08
3.15459e-07 -4.766e-08 -1.97775e-08
3.24796e-07 -4.85183e-08 -2.31883e-08
3.32173e-07 -5.0385e-08 -2.96405e-08
3.37593e-07 -5.29948e-08 -3.76588e-08
3.41905e-07 -5.8173e-08 -4.51094e-08
3.44187e-07 -6.127e-08 -5.44038e-08
3.45426e-07 -6.45819e-08 -6.38261e-08
3.42972e-07 -7.00505e-08 -7.16892e-08
3.37283e-07 -7.34609e-08 -7.90883e-08
3.29361e-07 -7.27846e-08 -8.51942e-08
3.21832e-07 -7.34621e-08 -9.18851e-08
3.14946e-07 -7.12083e-08 -9.86669e-08
3.07773e-07 -6.84166e-08 -1.05043e-07
2.99616e-07 -6.71572e-08 -1.10686e-07
2.9233e-07 -6.19677e-08 -1.15183e-07
2.83745e-07 -5.77808e-08 -1.17957e-07
2.80747e-07 -5.24864e-08 -1.25885e-07
2.81919e-07 -5.073e-08 -1.35583e-07
2.8079e-07 -5.16228e-08 -1.45493e-07
2.81506e-07 -5.26274e-08 -1.55352e-07
2.78058e-07 -4.59926e-08 -1.6188e-07
2.74401e-07 -3.81348e-08 -1.66986e-07
2.67747e-07 -3.14101e-08 -1.70451e-07
2.59623e-07 -2.77489e-08 -1.7519e-07
2.54157e-07 -2.1085e-08 -1.80096e-07
2.51132e-07 -1.46672e-08 -1.87084e-07
2.5138e-07 -7.24634e-09 -1.93617e-07
2.5226e-07 2.27242e-09 -1.9655e-07
2.52473e-07 1.19194e-08 -1.94439e-07
2.48713e-07 2.10319e-08 -1.93139e-07
2.48202e-07 3.10095e-08 -1.93735e-07
2.48666e-07 4.1012e-08 -1.92736e-07
2.47604e-07 5.06812e-08 -1.90384e-07
2.46371e-07 6.06268e-08 -1.898e-07
2.40446e-07 6.65624e-08 -1.95477e-07
2.37363e-07 7.37713e-08 -2.01592e-07
2.32173e-07 7.93035e-08 -2.08111e-07
2.27446e-07 8.2017e-08 -2.16537e-07
2.27176e-07 8.30744e-08 -2.26532e-07
2.29056e-07 8.72824e-08 -2.35313e-07
2.32726e-07 9.4585e-08 -2.40968e-07
2.36483e-07 1.02945e-07 -2.44994e-07
2.40703e-07 1.0853e-07 -2.52102e-07
2.43625e-07 1.16583e-07 -2.57257e-07
2.4509e-07 1.19861e-07 -2.66519e-07
2.40642e-07 1.25416e-07 -2.73582e-07
2.36941e-07 1.33169e-07 -2.78934e-07
2.29531e-07 1.39471e-07 -2.81499e-07
2.23018e-07 1.43881e-07 -2.87696e-07
2.15683e-07 1.46375e-07 -2.939e-07
2.1142e-07 1.52561e-07 -3.00479e-07
2.08393e-07 1.60701e-07 -3.05131e-07
2.04208e-07 1.6966e-07 -3.06088e-07
2.04666e-07 1.79112e-07 -3.03035e-07
2.09632e-07 1.87486e-07 -3.05087e-07
2.17327e-07 1.93804e-07 -3.04342e-07
2.26085e-07 1.92898e-07 -2.99566e-07
2.34854e-07 1.95963e-07 -2.96099e-07
2.39584e-07 1.92253e-07 -2.88136e-07
2.43319e-07 1.85204e-07 -2.82078e-07
2.47451e-07 1.77531e-07 -2.77364e-07
2.54777e-07 1.70811e-07 -2.78191e-07
2.60481e-07 1.62702e-07 -2.79521e-07
2.67976e-07 1.56234e-07 -2.77679e-07
2.74969e-07 1.4913e-07 -2.77069e-07
2.77179e-07 1.39573e-07 -2.79007e-07
2.72742e-07 1.33843e-07 -2.85751e-07
2.67811e-07 1.25179e-07 -2.85194e-07
2.61033e-07 1.1831e-07 -2.8259e-07
2.65748e-07 1.10744e-07 -2.78126e-07
2.65731e-07 1.01724e-07 -2.74049e-07
2.64036e-07 9.19695e-08 -2.7376e-07
2.57894e-07 8.41335e-08 -2.72569e-07
2.49467e-07 8.04268e-08 -2.68715e-07
2.40803e-07 7.77149e-08 -2.64477e-07
2.30941e-07 7.65135e-08 -2.6575e-07
2.2336e-07 7.42995e-08 -2.5973e-07
2.19694e-07 7.41188e-08 -2.50452e-07
2.18986e-07 8.21747e-08 -2.44664e-07
2.18186e-07 9.01581e-08 -2.38739e-07
2.16717e-07 9.37392e-08 -2.29522e-07
2.15356e-07 9.54953e-08 -2.19921e-07
2.1263e-07 1.02536e-07 -2.13419e-07
2.08325e-07 1.10926e-07 -2.09928e-07
2.11268e-07 1.19165e-07 -2.05348e-07
2.15917e-07 1.24644e-07 -1.98443e-07
2.20892e-07 1.29912e-07 -1.9141e-07
2.2448e-07 1.33812e-07 -1.82861e-07
2.24327e-07 1.39915e-07 -1.74984e-07
2.25255e-07 1.45792e-07 -1.67006e-07
2.34294e-07 1.45783e-07 -1.62759e-07
2.42372e-07 1.48832e-07 -1.57655e-07
2.51402e-07 1.51685e-07 -1.54295e-07
2.60385e-07 1.55585e-07 -1.56003e-07
2.70272e-07 1.54837e-07 -1.5687e-07
2.79986e-07 1.55357e-07 -1.54434e-07
2.87898e-07 1.59183e-07 -1.59086e-07
2.9605e-07 1.64916e-07 -1.58553e-07
3.03552e-07 1.71017e-07 -1.6039e-07
3.12194e-07 1.76015e-07 -1.60965e-07
3.12738e-07 1.83891e-07 -1.67138e-07
3.12339e-07 1.93641e-07 -1.69339e-07
3.05496e-07 2.00505e-07 -1.71844e-07
2.97064e-07 2.05829e-07 -1.72847e-07
2.88258e-07 2.10435e-07 -1.72409e-07
2.80072e-07 2.15762e-07 -1.73978e-07
2.70297e-07 2.18121e-07 -1.74205e-07
2.64781e-07 2.2631e-07 -1.75864e-07
2.57542e-07 2.32948e-07 -1.77255e-07
2.49674e-07 2.39102e-07 -1.78101e-07
2.43045e-07 2.45682e-07 -1.74856e-07
2.40459e-07 2.51397e-07 -1.67115e-07
2.4126e-07 2.56122e-07 -1.58193e-07
2.38403e-07 2.62815e-07 -1.51137e-07
2.40709e-07 2.67086e-07 -1.42295e-07
2.43651e-07 2.68818e-07 -1.32842e-07
2.49537e-07 2.68886e-07 -1.247e-07
2.52546e-07 2.68875e-07 -1.15142e-07
2.54973e-07 2.65842e-07 -1.05865e-07
2.55067e-07 2.66175e-07 -9.57872e-08
2.5174e-07 2.67676e-07 -8.63519e-08
2.55073e-07 2.66205e-07 -7.71719e-08
2.55775e-07 2.67683e-07 -6.7465e-08
2.58016e-07 2.70001e-07 -5.81255e-08
2.64603e-07 2.75033e-07 -5.25646e-08
2.66262e-07 2.84774e-07 -5.42439e-08
2.65702e-07 2.94544e-07 -5.61618e-08
2.70048e-07 3.03541e-07 -5.57518e-08
2.75422e-07 3.10508e-07 -5.09938e-08
2.79112e-07 3.19494e-07 -4.85217e-08
2.83694e-07 3.28173e-07 -4.63466e-08
2.89468e-07 3.3572e-07 -4.32165e-08
2.95735e-07 3.40752e-07 -3.72467e-08
3.02024e-07 3.47852e-07 -3.3869e-08
3.10618e-07 3.524e-07 -3.19645e-08
3.18524e-07 3.58503e-07 -3.30039e-08
3.26247e-07 3.64686e-07 -3.46586e-08
3.32978e-07 3.71964e-07 -3.52529e-08
3.37584e-07 3.80543e-07 -3.77398e-08
3.41388e-07 3.89584e-07 -3.63452e-08
3.40456e-07 3.96781e-07 -2.94641e-08
3.3497e-07 4.03654e-07 -2.44918e-08
3.30331e-07 4.09496e-07 -1.77524e-08
3.24228e-07 4.1741e-07 -1.63312e-08
3.17909e-07 4.25218e-07 -1.64653e-08
3.12019e-07 4.33351e-07 -1.62695e-08
3.12027e-07 4.42282e-07 -2.09913e-08
3.09599e-07 4.50857e-07 -2.58611e-08
3.01934e-07 4.56963e-07 -2.83749e-08
2.9682e-07 4.64302e-07 -3.28287e-08
2.8943e-07 4.70522e-07 -3.53892e-08
2.81935e-07 4.77101e-07 -3.44881e-08
2.73596e-07 4.82631e-07 -3.33867e-08
2.65877e-07 4.89017e-07 -3.20144e-08
2.62316e-07 4.97184e-07 -2.75031e-08
2.5905e-07 5.06295e-07 -2.50888e-08
2.57446e-07 5.15423e-07 -2.11757e-08
2.57302e-07 5.25344e-07 -2.16227e-08
2.54256e-07 5.34802e-07 -2.30304e-08
2.4962e-07 5.4252e-07 -1.88026e-08
2.4229e-07 5.48591e-07 -1.57448e-08
2.36561e-07 5.56846e-07 -1.51268e-08
2.32547e-07 5.65787e-07 -1.75012e-08
2.28759e-07 5.7495e-07 -1.92623e-08
2.27191e-07 5.83865e-07 -1.48637e-08
2.25124e-07 5.92016e-07 -9.37802e-09
2.24315e-07 5.94619e-07 2.54425e-10
2.25351e-07 5.98965e-07 9.15928e-09
2.28469e-07 6.05862e-07 1.54884e-08
2.28603e-07 6.14513e-07 2.04309e-08
2.30528e-07 6.2416e-07 2.21543e-08
2.38026e-07 6.29988e-07 2.50672e-08
2.47539e-07 6.32722e-07 2.33962e-08
2.56019e-07 6.29406e-07 1.92782e-08
2.62693e-07 6.24777e-07 1.36836e-08
2.63987e-07 6.21686e-07 4.32644e-09
2.7e-07 6.15e-07 2.83591e-16
